<?xml version="1.0" encoding="UTF-8"?>
<!-- Generated by org.testng.reporters.JUnitReportReporter -->
<testsuite skipped="0" hostname="WIN-CR95J4FK95G" name="edu.krsvch.webdriver.test.HomePageTests" tests="4" failures="0" timestamp="10 дек 2019 06:09:37 GMT" time="96.287" errors="0">
  <testcase name="searchHotelsWithEmptyParams" time="18.497" classname="edu.krsvch.webdriver.test.HomePageTests"/>
  <testcase name="searchHotelsWithIncorrectDate" time="14.689" classname="edu.krsvch.webdriver.test.HomePageTests"/>
  <testcase name="searchHotelsWithSameFlyingFromAndGoingToData" time="33.639" classname="edu.krsvch.webdriver.test.HomePageTests"/>
  <testcase name="searchHotelsWithCorrectData" time="29.462" classname="edu.krsvch.webdriver.test.HomePageTests"/>
</testsuite> <!-- edu.krsvch.webdriver.test.HomePageTests -->
